Название»  Папка» Имя Описание 

 Squid OverQuota   Отдел/ОИТ/System
 (squid) Превышение квоты доступа в Интернет
 
 Абдулин В.С.   Разное/СТН
 tb 
 
 Андреева Е.И.   Управление/УМ
 andreeva 
 
 Афанасьев В.Д.   Управление/ИУ
 afanasjev 
 
 Ахтямов А.Д.   Дирекция
 andre 
 
 Бабкина В.В.   Управление/УМ
 market 
 
 Беломоина Е.А.   Отдел/ОГК
 belomoina 
 
 Белошейкин М.Н.   Разное
 max 
 
 Белошейкин М.Н. (1)   Разное
 belosheykin 
 
 Беседин А.Ю.   Управление/УМ
 referent 
 
 Бессонов А.М.   Цех/11
 bessonov 
 
 Больщиков Ф.А.   Отдел/ОУКП
 fbolshikov 
 
 Борисов М.С.   Цех/11
 z11 
 
 Брюховских В.Н.   Разное
 omn3 
 
 Бугаев Ю.Н.   Разное/УЛ
 bugaev 
 
 Быков И.В.   Отдел/ОПрЭ
 deni 
 
 Ваганова Е.А.   Управление/ИУ
 vaganova 
 
 Васильев А.В.   Управление/ИУ
 vasilyev 
 
 Голомолзин О.Е.   Управление/ИУ
 golomolzin 
 
 Гребёнкин С. А.   Управление/УА
 grebenkin 
 
 Грин М.Я.   Управление/ИУ
 grin 
 
 Громова Е.А.   Управление/ИУ
 gromova 
 
 Губко С.О.   Внешние/ФИНЭКС
 gubko 
 
 Даниленко Н.Д.   Отдел/ОГТ
 danilenko 
 
 Девяшин С.Б.   Управление/УМ
 deviashin 
 
 Жёлудев А.Г.   Управление/ИУ
 zholudev 
 
 Жебрунова Н.С.   Внешние/ФИНЭКС
 zhebrunova 
 
 Журавлёва С.В.   Дирекция
 guravleva 
 
 Заварова А.А.   Цех/40/ОГЭ
 zavarova 
 
 Захаров Е.С.   Дирекция
 zaharov 
 
 Зибарев П.Г.   Отдел/ЮрО
 gonhar 
 
 Зиев А.М.   Внешние/ФИНЭКС
 ziev 
 
 Зинкевич Н.И.   Отдел/ОГМех
 zinkevish 
 
 Золотько В.А.   Отдел/ОСО
 zolotko 
 
 Зуев В.В.   Внешние/ФИНЭКС
 finex7 
 
 Исаев А.В.   Управление/ИУ
 isaev 
 
 Казаков А.Ю.   Внешние/ТВ "Химмаш"
 tvhim1 
 
 Калинин А.В.   Отдел/ОИТ
 atpp Оба проекта
 
 Каменщиков И. И.   Разное/ОУК
 kamenshikov 
 
 Килина   Разное/ОУК
 kilina 
 
 Козкина М.В.   Разное/ОПР
 kozkina 
 
 Козлов В.Н. (1)   Разное
 kozlov 
 
 Коликов А.В. (1)   Дирекция
 kolikov 
 
 Копылов И.П.   Управление/ИУ/ОД
 kopilov 
 
 Копылов И.П.   Управление/ИУ/ОД
 fins 
 
 Кораблёва Е.   Отдел/ОСО
 korablea 
 
 Кораблёва Е. (1)   Отдел/ОСО
 korableva 
 
 Косарев Г.М.   Дирекция
 grigory 
 
 Кочетова   Дирекция
 kochetova 
 
 Кротов В.И.   Отдел/ОИТ
 krot 
 
 Круглов М.А.   Управление/ИУ
 kruglov 
 
 Кузнецов А. В.   Отдел/ОГТ
 kuznecov 
 
 Лагуткин Е.А.   Дирекция
 lagutkin 
 
 Левашов П.Н.   Внешние/ФИНЭКС
 lpavel 
 
 Личман Б.С.   Дирекция
 lichman 
 
 Лузин Н.Б.   Управление/УМ/ИАБ
 luzin 
 
 Луконина Е.Ю.   Управление/ИУ
 lukonina 
 
 Малкова С.А.   Внешние/ФИНЭКС
 finex1 
 
 Маршихин В.А.   Отдел/ОМТС
 marshihin 
 
 Мейстер Т.А.   Отдел/ОГК
 mejster 
 
 Мешкова Н.И.   Управление/ПУ
 dpu 
 
 Могильникова Т.В.   Отдел/ОГК
 bvd 
 
 Нестеров В.И.   Дирекция
 nesterov 
 
 Образцов Е.В.   Управление/ИУ
 obrazcov 
 
 Обухова Е. А.   Внешние/ФИНЭКС
 obuhova 
 
 Озорнина Е.В.   Разное/ОМНК
 ozornina 
 
 Палтусов Д.А.   Управление/УА
 paltdm 
 
 Палтусова Ю.С.   Управление/УА
 pst 
 
 Панасюк И. А.   Управление/УМ
 panasuk 
 
 Паршаков В.С.   Отдел/ОГК
 pvs 
 
 Петунин А.А.   Отдел/ОИТ
 sansan 
 
 Петухов М.   Внешние/ТВ "Химмаш"
 tvhim 
 
 Пиастро А.Е.   Дирекция
 piastro 
 
 Попов И.В.   Отдел/ОЗ
 umts 
 
 Порунов И. Е.   Отдел/ОИТ
 ilyap 
 
 Постовалов Г.В.   Дирекция
 postovalov 
 
 Прядеин В.В.   Внешние/ФИНЭКС
 finex3 
 
 Пустосмехов А.Ю.   Внешние/ЗАО ПФТ
 aup 
 
 Русинов А.Н.   Режим/КРО
 kro 
 
 Ручкина Ю.П.   Дирекция
 ruchkina 
 
 Савина Я.Ю.   Разное/ОУС
 savina 
 
 Саутина С.А.   Отдел/ОЗ
 sautina 
 
 Сидоренко О.И.   Внешние/ФИНЭКС
 olga_s 
 
 Смелов С.В.   Дирекция
 smelov 
 
 Сметанин М.В.   Управление/УМ/ИАО
 smetanin 
 
 Соловьёва М.Л.   Управление/УА
 solovjeva 
 
 Сорокин А.В.   Отдел/ОПрЭ
 opreavso 
 
 Стельмах С.В.   Управление/ИУ
 stelmah 
 
 Суздальцева Н.С.   Отдел/ОУКП
 suzdalceva 
 
 Терехович В.В.   Управление/ПУ/БВК
 bvk 
 
 Тихонов В.Н.   Дирекция
 vtihonov 
 
 Тихонов Д.В.   Дирекция
 tihonov 
 
 Туманов Е.Н.   Управление/ИУ
 tumanov 
 
 Тюленев С.Д.   Управление/УМ
 tulenev 
 
 Удинцев Е.А.   Управление/УА
 pst1 
 
 Удинцев Е.А. (1)   Управление/УА
 udincev 
 
 Фадеев А.И.   Управление/ИУ/ИАО
 fadeev 
 
 Фахрутдинов Б.Ф.   Управление/ИУ
 fahrutdinov 
 
 Хайбрахманова М.М.   Внешние/Белка
 sb_belka 
 
 Хисматуллин Д.И.   Внешние/ФИНЭКС
 7766 
 
 Царевская М.М.   Отдел/ОИТ
 marina64 
 
 Шамшурин А. М.   Отдел/ОТО
 shamsurin 
 
 Шамшурина М.К.   Разное/ОУК
 teh 
 
===