- - +	50	-	z11
- - +	50	200502	kopilov
- - +	50	-	7766
- - +	50	-	olga_s
- - +	50	-	gubko
- - +	50	-	grebenkin
- - +	50	-	ziev
- - +	50	-	pst
- - +	50	-	pst1
- - +	50	-	obuhova
- - +	50	-	zhebrunova
- - +	50	-	lpavel
- - +	50	-	finex7
- - +	50	200502	suzdalceva
- - +	50	200501	fbolshikov
- - +	60	200502	tumanov
- - +	70	-	tvhim
- - +	75	200502	zinkevish
- - +	80	-	kruglov
- - +	80	-	vasilyev
- - +	80	-	vaganova
- - +	80	-	zholudev
- - +	80	-	isaev
- - +	80	-	gromova
- - +	80	-	stelmah
- - +	80	200502	grin
- - +	80	-	lukonina
- - +	80	-	obrazcov
- - +	80	-	fahrutdinov
- - +	80	200502	lagutkin
- - +	90	200501	marina64
- - +	90	200502	udincev
- - +	99	-	krot
- - +	100	-	ilyap
- - +	100	-	market
- - +	100	-	bvk
- - +	100	-	lichman
- - +	100	-	pvs
- - +	100	-	tihonov
- - +	100	-	smelov
- - +	100	-	andre
- - +	100	-	umts
- - +	100	-	paltdm
- - +	100	-	deni
- - +	100	200503	fins
- - +	100	-	teh
- - +	100	-	luzin
- - +	100	200501	tb
- - +	100	-	kro
- - +	100	-	referent
- - +	100	-	omn3
- - +	100	-	gonhar
- - +	100	-	grigory
- - +	100	-	aup
- - +	100	-	tulenev
- - +	100	-	deviashin
- - +	100	-	zaharov
- - +	100	200503	opreavso
- - +	100	-	max
- - +	100	-	korablea
- - +	100	-	korableva
- - +	100	-	kilina
- - +	100	200501	savina
- - +	100	-	danilenko
- - +	100	-	vtihonov
- - +	100	200503	kuznecov
- - +	100	-	zolotko
- - +	100	200503	dpu
- - +	100	200501	shamsurin
- - +	100	-	finex1
- - +	100	-	solovjeva
- - +	100	-	sb_belka
- - +	100	-	nesterov
- - +	100	-	bugaev
- - +	100	-	piastro
- - +	100	-	bvd	<<<
- - +	100	-	postovalov
- - +	100	-	andreeva
- - +	100	-	kamenshikov
- - +	100	-	guravleva
- - +	100	-	finex3
- - +	100	-	atpp
- - +	100	-	ruchkina
- - +	100	-	kochetova
- - +	100	-	marshihin
- - +	100	-	mejster
- - +	100	-	bessonov
- - +	100	-	belomoina
- - +	100	200503	belosheykin
- - +	100	200502	sautina
- - +	100	200501	kolikov
- - +	100	-	kozlov	<<<
- - +	100	-	ozornina
- - +	140	-	kozkina
- - +	150	-	panasuk
- - +	150	-	fadeev	<<<
- - +	150	-	smetanin
- - +	150	-	golomolzin
- - +	150	-	afanasjev
